  FinalProject.cpp
D:\University\Discrete Math\FindShortestPath_Project\FinalProject\FinalProject.cpp(58,20): error C2065: 'x': undeclared identifier
D:\University\Discrete Math\FindShortestPath_Project\FinalProject\FinalProject.cpp(65,9): error C2679: binary '>>': no operator found which takes a right-hand operand of type 'overloaded-function' (or there is no acceptable conversion)
      C:\Program Files\Microsoft Visual Studio\2022\Professional\VC\Tools\MSVC\14.41.34120\include\istream(303,39):
      could be 'std::basic_istream<char,std::char_traits<char>> &std::basic_istream<char,std::char_traits<char>>::operator >>(std::basic_streambuf<char,std::char_traits<char>> *)'
          D:\University\Discrete Math\FindShortestPath_Project\FinalProject\FinalProject.cpp(65,9):
          'std::basic_istream<char,std::char_traits<char>> &std::basic_istream<char,std::char_traits<char>>::operator >>(std::basic_streambuf<char,std::char_traits<char>> *)': cannot convert argument 2 from 'std::basic_ostream<_Elem,_Traits> &(__cdecl *)(std::basic_ostream<_Elem,_Traits> &)' to 'std::basic_streambuf<char,std::char_traits<char>> *'
              D:\University\Discrete Math\FindShortestPath_Project\FinalProject\FinalProject.cpp(65,21):
              Context does not allow for disambiguation of overloaded function
      C:\Program Files\Microsoft Visual Studio\2022\Professional\VC\Tools\MSVC\14.41.34120\include\istream(299,39):
      or       'std::basic_istream<char,std::char_traits<char>> &std::basic_istream<char,std::char_traits<char>>::operator >>(void *&)'
          D:\University\Discrete Math\FindShortestPath_Project\FinalProject\FinalProject.cpp(65,9):
          'std::basic_istream<char,std::char_traits<char>> &std::basic_istream<char,std::char_traits<char>>::operator >>(void *&)': cannot convert argument 2 from 'std::basic_ostream<_Elem,_Traits> &(__cdecl *)(std::basic_ostream<_Elem,_Traits> &)' to 'void *&'
      C:\Program Files\Microsoft Visual Studio\2022\Professional\VC\Tools\MSVC\14.41.34120\include\istream(295,39):
      or       'std::basic_istream<char,std::char_traits<char>> &std::basic_istream<char,std::char_traits<char>>::operator >>(long double &)'
          D:\University\Discrete Math\FindShortestPath_Project\FinalProject\FinalProject.cpp(65,9):
          'std::basic_istream<char,std::char_traits<char>> &std::basic_istream<char,std::char_traits<char>>::operator >>(long double &)': cannot convert argument 2 from 'std::basic_ostream<_Elem,_Traits> &(__cdecl *)(std::basic_ostream<_Elem,_Traits> &)' to 'long double &'
      C:\Program Files\Microsoft Visual Studio\2022\Professional\VC\Tools\MSVC\14.41.34120\include\istream(291,39):
      or       'std::basic_istream<char,std::char_traits<char>> &std::basic_istream<char,std::char_traits<char>>::operator >>(double &)'
          D:\University\Discrete Math\FindShortestPath_Project\FinalProject\FinalProject.cpp(65,9):
          'std::basic_istream<char,std::char_traits<char>> &std::basic_istream<char,std::char_traits<char>>::operator >>(double &)': cannot convert argument 2 from 'std::basic_ostream<_Elem,_Traits> &(__cdecl *)(std::basic_ostream<_Elem,_Traits> &)' to 'double &'
      C:\Program Files\Microsoft Visual Studio\2022\Professional\VC\Tools\MSVC\14.41.34120\include\istream(287,39):
      or       'std::basic_istream<char,std::char_traits<char>> &std::basic_istream<char,std::char_traits<char>>::operator >>(float &)'
          D:\University\Discrete Math\FindShortestPath_Project\FinalProject\FinalProject.cpp(65,9):
          'std::basic_istream<char,std::char_traits<char>> &std::basic_istream<char,std::char_traits<char>>::operator >>(float &)': cannot convert argument 2 from 'std::basic_ostream<_Elem,_Traits> &(__cdecl *)(std::basic_ostream<_Elem,_Traits> &)' to 'float &'
      C:\Program Files\Microsoft Visual Studio\2022\Professional\VC\Tools\MSVC\14.41.34120\include\istream(283,39):
      or       'std::basic_istream<char,std::char_traits<char>> &std::basic_istream<char,std::char_traits<char>>::operator >>(unsigned __int64 &)'
          D:\University\Discrete Math\FindShortestPath_Project\FinalProject\FinalProject.cpp(65,9):
          'std::basic_istream<char,std::char_traits<char>> &std::basic_istream<char,std::char_traits<char>>::operator >>(unsigned __int64 &)': cannot convert argument 2 from 'std::basic_ostream<_Elem,_Traits> &(__cdecl *)(std::basic_ostream<_Elem,_Traits> &)' to 'unsigned __int64 &'
      C:\Program Files\Microsoft Visual Studio\2022\Professional\VC\Tools\MSVC\14.41.34120\include\istream(279,39):
      or       'std::basic_istream<char,std::char_traits<char>> &std::basic_istream<char,std::char_traits<char>>::operator >>(__int64 &)'
          D:\University\Discrete Math\FindShortestPath_Project\FinalProject\FinalProject.cpp(65,9):
          'std::basic_istream<char,std::char_traits<char>> &std::basic_istream<char,std::char_traits<char>>::operator >>(__int64 &)': cannot convert argument 2 from 'std::basic_ostream<_Elem,_Traits> &(__cdecl *)(std::basic_ostream<_Elem,_Traits> &)' to '__int64 &'
      C:\Program Files\Microsoft Visual Studio\2022\Professional\VC\Tools\MSVC\14.41.34120\include\istream(275,39):
      or       'std::basic_istream<char,std::char_traits<char>> &std::basic_istream<char,std::char_traits<char>>::operator >>(unsigned long &)'
          D:\University\Discrete Math\FindShortestPath_Project\FinalProject\FinalProject.cpp(65,9):
          'std::basic_istream<char,std::char_traits<char>> &std::basic_istream<char,std::char_traits<char>>::operator >>(unsigned long &)': cannot convert argument 2 from 'std::basic_ostream<_Elem,_Traits> &(__cdecl *)(std::basic_ostream<_Elem,_Traits> &)' to 'unsigned long &'
      C:\Program Files\Microsoft Visual Studio\2022\Professional\VC\Tools\MSVC\14.41.34120\include\istream(271,39):
      or       'std::basic_istream<char,std::char_traits<char>> &std::basic_istream<char,std::char_traits<char>>::operator >>(long &)'
          D:\University\Discrete Math\FindShortestPath_Project\FinalProject\FinalProject.cpp(65,9):
          'std::basic_istream<char,std::char_traits<char>> &std::basic_istream<char,std::char_traits<char>>::operator >>(long &)': cannot convert argument 2 from 'std::basic_ostream<_Elem,_Traits> &(__cdecl *)(std::basic_ostream<_Elem,_Traits> &)' to 'long &'
      C:\Program Files\Microsoft Visual Studio\2022\Professional\VC\Tools\MSVC\14.41.34120\include\istream(267,39):
      or       'std::basic_istream<char,std::char_traits<char>> &std::basic_istream<char,std::char_traits<char>>::operator >>(unsigned int &)'
          D:\University\Discrete Math\FindShortestPath_Project\FinalProject\FinalProject.cpp(65,9):
          'std::basic_istream<char,std::char_traits<char>> &std::basic_istream<char,std::char_traits<char>>::operator >>(unsigned int &)': cannot convert argument 2 from 'std::basic_ostream<_Elem,_Traits> &(__cdecl *)(std::basic_ostream<_Elem,_Traits> &)' to 'unsigned int &'
      C:\Program Files\Microsoft Visual Studio\2022\Professional\VC\Tools\MSVC\14.41.34120\include\istream(259,39):
      or       'std::basic_istream<char,std::char_traits<char>> &std::basic_istream<char,std::char_traits<char>>::operator >>(int &)'
          D:\University\Discrete Math\FindShortestPath_Project\FinalProject\FinalProject.cpp(65,9):
          'std::basic_istream<char,std::char_traits<char>> &std::basic_istream<char,std::char_traits<char>>::operator >>(int &)': cannot convert argument 2 from 'std::basic_ostream<_Elem,_Traits> &(__cdecl *)(std::basic_ostream<_Elem,_Traits> &)' to 'int &'
      C:\Program Files\Microsoft Visual Studio\2022\Professional\VC\Tools\MSVC\14.41.34120\include\istream(255,39):
      or       'std::basic_istream<char,std::char_traits<char>> &std::basic_istream<char,std::char_traits<char>>::operator >>(unsigned short &)'
          D:\University\Discrete Math\FindShortestPath_Project\FinalProject\FinalProject.cpp(65,9):
          'std::basic_istream<char,std::char_traits<char>> &std::basic_istream<char,std::char_traits<char>>::operator >>(unsigned short &)': cannot convert argument 2 from 'std::basic_ostream<_Elem,_Traits> &(__cdecl *)(std::basic_ostream<_Elem,_Traits> &)' to 'unsigned short &'
      C:\Program Files\Microsoft Visual Studio\2022\Professional\VC\Tools\MSVC\14.41.34120\include\istream(223,39):
      or       'std::basic_istream<char,std::char_traits<char>> &std::basic_istream<char,std::char_traits<char>>::operator >>(short &)'
          D:\University\Discrete Math\FindShortestPath_Project\FinalProject\FinalProject.cpp(65,9):
          'std::basic_istream<char,std::char_traits<char>> &std::basic_istream<char,std::char_traits<char>>::operator >>(short &)': cannot convert argument 2 from 'std::basic_ostream<_Elem,_Traits> &(__cdecl *)(std::basic_ostream<_Elem,_Traits> &)' to 'short &'
      C:\Program Files\Microsoft Visual Studio\2022\Professional\VC\Tools\MSVC\14.41.34120\include\istream(219,39):
      or       'std::basic_istream<char,std::char_traits<char>> &std::basic_istream<char,std::char_traits<char>>::operator >>(bool &)'
          D:\University\Discrete Math\FindShortestPath_Project\FinalProject\FinalProject.cpp(65,9):
          'std::basic_istream<char,std::char_traits<char>> &std::basic_istream<char,std::char_traits<char>>::operator >>(bool &)': cannot convert argument 2 from 'std::basic_ostream<_Elem,_Traits> &(__cdecl *)(std::basic_ostream<_Elem,_Traits> &)' to 'bool &'
      C:\Program Files\Microsoft Visual Studio\2022\Professional\VC\Tools\MSVC\14.41.34120\include\istream(190,39):
      or       'std::basic_istream<char,std::char_traits<char>> &std::basic_istream<char,std::char_traits<char>>::operator >>(std::ios_base &(__cdecl *)(std::ios_base &))'
          D:\University\Discrete Math\FindShortestPath_Project\FinalProject\FinalProject.cpp(65,9):
          'std::basic_istream<char,std::char_traits<char>> &std::basic_istream<char,std::char_traits<char>>::operator >>(std::ios_base &(__cdecl *)(std::ios_base &))': cannot convert argument 2 from 'std::basic_ostream<_Elem,_Traits> &(__cdecl *)(std::basic_ostream<_Elem,_Traits> &)' to 'std::ios_base &(__cdecl *)(std::ios_base &)'
              D:\University\Discrete Math\FindShortestPath_Project\FinalProject\FinalProject.cpp(65,21):
              None of the functions with this name in scope match the target type
      C:\Program Files\Microsoft Visual Studio\2022\Professional\VC\Tools\MSVC\14.41.34120\include\istream(185,39):
      or       'std::basic_istream<char,std::char_traits<char>> &std::basic_istream<char,std::char_traits<char>>::operator >>(std::basic_ios<char,std::char_traits<char>> &(__cdecl *)(std::basic_ios<char,std::char_traits<char>> &))'
          D:\University\Discrete Math\FindShortestPath_Project\FinalProject\FinalProject.cpp(65,9):
          'std::basic_istream<char,std::char_traits<char>> &std::basic_istream<char,std::char_traits<char>>::operator >>(std::basic_ios<char,std::char_traits<char>> &(__cdecl *)(std::basic_ios<char,std::char_traits<char>> &))': cannot convert argument 2 from 'std::basic_ostream<_Elem,_Traits> &(__cdecl *)(std::basic_ostream<_Elem,_Traits> &)' to 'std::basic_ios<char,std::char_traits<char>> &(__cdecl *)(std::basic_ios<char,std::char_traits<char>> &)'
              D:\University\Discrete Math\FindShortestPath_Project\FinalProject\FinalProject.cpp(65,21):
              None of the functions with this name in scope match the target type
      C:\Program Files\Microsoft Visual Studio\2022\Professional\VC\Tools\MSVC\14.41.34120\include\istream(180,39):
      or       'std::basic_istream<char,std::char_traits<char>> &std::basic_istream<char,std::char_traits<char>>::operator >>(std::basic_istream<char,std::char_traits<char>> &(__cdecl *)(std::basic_istream<char,std::char_traits<char>> &))'
          D:\University\Discrete Math\FindShortestPath_Project\FinalProject\FinalProject.cpp(65,9):
          'std::basic_istream<char,std::char_traits<char>> &std::basic_istream<char,std::char_traits<char>>::operator >>(std::basic_istream<char,std::char_traits<char>> &(__cdecl *)(std::basic_istream<char,std::char_traits<char>> &))': cannot convert argument 2 from 'std::basic_ostream<_Elem,_Traits> &(__cdecl *)(std::basic_ostream<_Elem,_Traits> &)' to 'std::basic_istream<char,std::char_traits<char>> &(__cdecl *)(std::basic_istream<char,std::char_traits<char>> &)'
              D:\University\Discrete Math\FindShortestPath_Project\FinalProject\FinalProject.cpp(65,21):
              None of the functions with this name in scope match the target type
      C:\Program Files\Microsoft Visual Studio\2022\Professional\VC\Tools\MSVC\14.41.34120\include\istream(865,32):
      or       'std::basic_istream<char,std::char_traits<char>> &std::operator >><char,std::char_traits<char>>(std::basic_istream<char,std::char_traits<char>> &,_Elem &)'
          with
          [
              _Elem=char
          ]
          D:\University\Discrete Math\FindShortestPath_Project\FinalProject\FinalProject.cpp(65,9):
          'std::basic_istream<char,std::char_traits<char>> &std::operator >><char,std::char_traits<char>>(std::basic_istream<char,std::char_traits<char>> &,_Elem &)': cannot convert argument 2 from 'std::basic_ostream<_Elem,_Traits> &(__cdecl *)(std::basic_ostream<_Elem,_Traits> &)' to '_Elem &'
          with
          [
              _Elem=char
          ]
      C:\Program Files\Microsoft Visual Studio\2022\Professional\VC\Tools\MSVC\14.41.34120\include\istream(849,32):
      or       'std::basic_istream<char,std::char_traits<char>> &std::operator >><char,std::char_traits<char>>(std::basic_istream<char,std::char_traits<char>> &,_Elem *)'
          with
          [
              _Elem=char
          ]
          D:\University\Discrete Math\FindShortestPath_Project\FinalProject\FinalProject.cpp(65,9):
          'std::basic_istream<char,std::char_traits<char>> &std::operator >><char,std::char_traits<char>>(std::basic_istream<char,std::char_traits<char>> &,_Elem *)': cannot convert argument 2 from 'std::basic_ostream<_Elem,_Traits> &(__cdecl *)(std::basic_ostream<_Elem,_Traits> &)' to '_Elem *'
          with
          [
              _Elem=char
          ]
              D:\University\Discrete Math\FindShortestPath_Project\FinalProject\FinalProject.cpp(65,21):
              Context does not allow for disambiguation of overloaded function
      C:\Program Files\Microsoft Visual Studio\2022\Professional\VC\Tools\MSVC\14.41.34120\include\istream(907,9):
      or       '_Istr &&std::operator >>(_Istr &&,_Ty &&)'
          D:\University\Discrete Math\FindShortestPath_Project\FinalProject\FinalProject.cpp(65,9):
          '_Istr &&std::operator >>(_Istr &&,_Ty &&)': could not deduce template argument for '_Ty'
      C:\Program Files\Microsoft Visual Studio\2022\Professional\VC\Tools\MSVC\14.41.34120\include\istream(894,31):
      or       'std::basic_istream<char,_Traits> &std::operator >>(std::basic_istream<char,_Traits> &,unsigned char &)'
          D:\University\Discrete Math\FindShortestPath_Project\FinalProject\FinalProject.cpp(65,21):
          'initializing': cannot convert from 'std::basic_ostream<_Elem,_Traits> &(__cdecl *)(std::basic_ostream<_Elem,_Traits> &)' to 'unsigned char &'
      C:\Program Files\Microsoft Visual Studio\2022\Professional\VC\Tools\MSVC\14.41.34120\include\istream(888,31):
      or       'std::basic_istream<char,_Traits> &std::operator >>(std::basic_istream<char,_Traits> &,signed char &)'
          D:\University\Discrete Math\FindShortestPath_Project\FinalProject\FinalProject.cpp(65,21):
          'initializing': cannot convert from 'std::basic_ostream<_Elem,_Traits> &(__cdecl *)(std::basic_ostream<_Elem,_Traits> &)' to 'signed char &'
      C:\Program Files\Microsoft Visual Studio\2022\Professional\VC\Tools\MSVC\14.41.34120\include\istream(859,31):
      or       'std::basic_istream<char,_Traits> &std::operator >>(std::basic_istream<char,_Traits> &,unsigned char *)'
          D:\University\Discrete Math\FindShortestPath_Project\FinalProject\FinalProject.cpp(65,21):
          'initializing': cannot convert from 'std::basic_ostream<_Elem,_Traits> &(__cdecl *)(std::basic_ostream<_Elem,_Traits> &)' to 'unsigned char *'
              D:\University\Discrete Math\FindShortestPath_Project\FinalProject\FinalProject.cpp(65,21):
              Context does not allow for disambiguation of overloaded function
      C:\Program Files\Microsoft Visual Studio\2022\Professional\VC\Tools\MSVC\14.41.34120\include\istream(854,31):
      or       'std::basic_istream<char,_Traits> &std::operator >>(std::basic_istream<char,_Traits> &,signed char *)'
          D:\University\Discrete Math\FindShortestPath_Project\FinalProject\FinalProject.cpp(65,21):
          'initializing': cannot convert from 'std::basic_ostream<_Elem,_Traits> &(__cdecl *)(std::basic_ostream<_Elem,_Traits> &)' to 'signed char *'
              D:\University\Discrete Math\FindShortestPath_Project\FinalProject\FinalProject.cpp(65,21):
              Context does not allow for disambiguation of overloaded function
      C:\Program Files\Microsoft Visual Studio\2022\Professional\VC\Tools\MSVC\14.41.34120\include\xstring(3371,32):
      or       'std::basic_istream<_Elem,_Traits> &std::operator >>(std::basic_istream<_Elem,_Traits> &,std::basic_string<_Elem,_Traits,_Alloc> &)'
          D:\University\Discrete Math\FindShortestPath_Project\FinalProject\FinalProject.cpp(65,9):
          'std::basic_istream<_Elem,_Traits> &std::operator >>(std::basic_istream<_Elem,_Traits> &,std::basic_string<_Elem,_Traits,_Alloc> &)': could not deduce template argument for '_Alloc'
      D:\University\Discrete Math\FindShortestPath_Project\FinalProject\FinalProject.cpp(65,9):
      while trying to match the argument list '(std::basic_istream<char,std::char_traits<char>>, overloaded-function)'
  
D:\University\Discrete Math\FindShortestPath_Project\FinalProject\FinalProject.cpp(66,10): error C2679: binary '<<': no operator found which takes a right-hand operand of type 'std::vector<int,std::allocator<int>>' (or there is no acceptable conversion)
      C:\Program Files\Microsoft Visual Studio\2022\Professional\VC\Tools\MSVC\14.41.34120\include\ostream(486,39):
      could be 'std::basic_ostream<char,std::char_traits<char>> &std::basic_ostream<char,std::char_traits<char>>::operator <<(std::basic_streambuf<char,std::char_traits<char>> *)'
          D:\University\Discrete Math\FindShortestPath_Project\FinalProject\FinalProject.cpp(66,10):
          'std::basic_ostream<char,std::char_traits<char>> &std::basic_ostream<char,std::char_traits<char>>::operator <<(std::basic_streambuf<char,std::char_traits<char>> *)': cannot convert argument 2 from 'std::vector<int,std::allocator<int>>' to 'std::basic_streambuf<char,std::char_traits<char>> *'
              D:\University\Discrete Math\FindShortestPath_Project\FinalProject\FinalProject.cpp(66,36):
              No user-defined-conversion operator available that can perform this conversion, or the operator cannot be called
      C:\Program Files\Microsoft Visual Studio\2022\Professional\VC\Tools\MSVC\14.41.34120\include\ostream(454,39):
      or       'std::basic_ostream<char,std::char_traits<char>> &std::basic_ostream<char,std::char_traits<char>>::operator <<(const void *)'
          D:\University\Discrete Math\FindShortestPath_Project\FinalProject\FinalProject.cpp(66,10):
          'std::basic_ostream<char,std::char_traits<char>> &std::basic_ostream<char,std::char_traits<char>>::operator <<(const void *)': cannot convert argument 2 from 'std::vector<int,std::allocator<int>>' to 'const void *'
              D:\University\Discrete Math\FindShortestPath_Project\FinalProject\FinalProject.cpp(66,36):
              No user-defined-conversion operator available that can perform this conversion, or the operator cannot be called
      C:\Program Files\Microsoft Visual Studio\2022\Professional\VC\Tools\MSVC\14.41.34120\include\ostream(436,39):
      or       'std::basic_ostream<char,std::char_traits<char>> &std::basic_ostream<char,std::char_traits<char>>::operator <<(long double)'
          D:\University\Discrete Math\FindShortestPath_Project\FinalProject\FinalProject.cpp(66,10):
          'std::basic_ostream<char,std::char_traits<char>> &std::basic_ostream<char,std::char_traits<char>>::operator <<(long double)': cannot convert argument 2 from 'std::vector<int,std::allocator<int>>' to 'long double'
              D:\University\Discrete Math\FindShortestPath_Project\FinalProject\FinalProject.cpp(66,36):
              No user-defined-conversion operator available that can perform this conversion, or the operator cannot be called
      C:\Program Files\Microsoft Visual Studio\2022\Professional\VC\Tools\MSVC\14.41.34120\include\ostream(418,39):
      or       'std::basic_ostream<char,std::char_traits<char>> &std::basic_ostream<char,std::char_traits<char>>::operator <<(double)'
          D:\University\Discrete Math\FindShortestPath_Project\FinalProject\FinalProject.cpp(66,10):
          'std::basic_ostream<char,std::char_traits<char>> &std::basic_ostream<char,std::char_traits<char>>::operator <<(double)': cannot convert argument 2 from 'std::vector<int,std::allocator<int>>' to 'double'
              D:\University\Discrete Math\FindShortestPath_Project\FinalProject\FinalProject.cpp(66,36):
              No user-defined-conversion operator available that can perform this conversion, or the operator cannot be called
      C:\Program Files\Microsoft Visual Studio\2022\Professional\VC\Tools\MSVC\14.41.34120\include\ostream(400,39):
      or       'std::basic_ostream<char,std::char_traits<char>> &std::basic_ostream<char,std::char_traits<char>>::operator <<(float)'
          D:\University\Discrete Math\FindShortestPath_Project\FinalProject\FinalProject.cpp(66,10):
          'std::basic_ostream<char,std::char_traits<char>> &std::basic_ostream<char,std::char_traits<char>>::operator <<(float)': cannot convert argument 2 from 'std::vector<int,std::allocator<int>>' to 'float'
              D:\University\Discrete Math\FindShortestPath_Project\FinalProject\FinalProject.cpp(66,36):
              No user-defined-conversion operator available that can perform this conversion, or the operator cannot be called
      C:\Program Files\Microsoft Visual Studio\2022\Professional\VC\Tools\MSVC\14.41.34120\include\ostream(382,39):
      or       'std::basic_ostream<char,std::char_traits<char>> &std::basic_ostream<char,std::char_traits<char>>::operator <<(unsigned __int64)'
          D:\University\Discrete Math\FindShortestPath_Project\FinalProject\FinalProject.cpp(66,10):
          'std::basic_ostream<char,std::char_traits<char>> &std::basic_ostream<char,std::char_traits<char>>::operator <<(unsigned __int64)': cannot convert argument 2 from 'std::vector<int,std::allocator<int>>' to 'unsigned __int64'
              D:\University\Discrete Math\FindShortestPath_Project\FinalProject\FinalProject.cpp(66,36):
              No user-defined-conversion operator available that can perform this conversion, or the operator cannot be called
      C:\Program Files\Microsoft Visual Studio\2022\Professional\VC\Tools\MSVC\14.41.34120\include\ostream(364,39):
      or       'std::basic_ostream<char,std::char_traits<char>> &std::basic_ostream<char,std::char_traits<char>>::operator <<(__int64)'
          D:\University\Discrete Math\FindShortestPath_Project\FinalProject\FinalProject.cpp(66,10):
          'std::basic_ostream<char,std::char_traits<char>> &std::basic_ostream<char,std::char_traits<char>>::operator <<(__int64)': cannot convert argument 2 from 'std::vector<int,std::allocator<int>>' to '__int64'
              D:\University\Discrete Math\FindShortestPath_Project\FinalProject\FinalProject.cpp(66,36):
              No user-defined-conversion operator available that can perform this conversion, or the operator cannot be called
      C:\Program Files\Microsoft Visual Studio\2022\Professional\VC\Tools\MSVC\14.41.34120\include\ostream(346,39):
      or       'std::basic_ostream<char,std::char_traits<char>> &std::basic_ostream<char,std::char_traits<char>>::operator <<(unsigned long)'
          D:\University\Discrete Math\FindShortestPath_Project\FinalProject\FinalProject.cpp(66,10):
          'std::basic_ostream<char,std::char_traits<char>> &std::basic_ostream<char,std::char_traits<char>>::operator <<(unsigned long)': cannot convert argument 2 from 'std::vector<int,std::allocator<int>>' to 'unsigned long'
              D:\University\Discrete Math\FindShortestPath_Project\FinalProject\FinalProject.cpp(66,36):
              No user-defined-conversion operator available that can perform this conversion, or the operator cannot be called
      C:\Program Files\Microsoft Visual Studio\2022\Professional\VC\Tools\MSVC\14.41.34120\include\ostream(328,39):
      or       'std::basic_ostream<char,std::char_traits<char>> &std::basic_ostream<char,std::char_traits<char>>::operator <<(long)'
          D:\University\Discrete Math\FindShortestPath_Project\FinalProject\FinalProject.cpp(66,10):
          'std::basic_ostream<char,std::char_traits<char>> &std::basic_ostream<char,std::char_traits<char>>::operator <<(long)': cannot convert argument 2 from 'std::vector<int,std::allocator<int>>' to 'long'
              D:\University\Discrete Math\FindShortestPath_Project\FinalProject\FinalProject.cpp(66,36):
              No user-defined-conversion operator available that can perform this conversion, or the operator cannot be called
      C:\Program Files\Microsoft Visual Studio\2022\Professional\VC\Tools\MSVC\14.41.34120\include\ostream(309,39):
      or       'std::basic_ostream<char,std::char_traits<char>> &std::basic_ostream<char,std::char_traits<char>>::operator <<(unsigned int)'
          D:\University\Discrete Math\FindShortestPath_Project\FinalProject\FinalProject.cpp(66,10):
          'std::basic_ostream<char,std::char_traits<char>> &std::basic_ostream<char,std::char_traits<char>>::operator <<(unsigned int)': cannot convert argument 2 from 'std::vector<int,std::allocator<int>>' to 'unsigned int'
              D:\University\Discrete Math\FindShortestPath_Project\FinalProject\FinalProject.cpp(66,36):
              No user-defined-conversion operator available that can perform this conversion, or the operator cannot be called
      C:\Program Files\Microsoft Visual Studio\2022\Professional\VC\Tools\MSVC\14.41.34120\include\ostream(283,39):
      or       'std::basic_ostream<char,std::char_traits<char>> &std::basic_ostream<char,std::char_traits<char>>::operator <<(int)'
          D:\University\Discrete Math\FindShortestPath_Project\FinalProject\FinalProject.cpp(66,10):
          'std::basic_ostream<char,std::char_traits<char>> &std::basic_ostream<char,std::char_traits<char>>::operator <<(int)': cannot convert argument 2 from 'std::vector<int,std::allocator<int>>' to 'int'
              D:\University\Discrete Math\FindShortestPath_Project\FinalProject\FinalProject.cpp(66,36):
              No user-defined-conversion operator available that can perform this conversion, or the operator cannot be called
      C:\Program Files\Microsoft Visual Studio\2022\Professional\VC\Tools\MSVC\14.41.34120\include\ostream(264,39):
      or       'std::basic_ostream<char,std::char_traits<char>> &std::basic_ostream<char,std::char_traits<char>>::operator <<(unsigned short)'
          D:\University\Discrete Math\FindShortestPath_Project\FinalProject\FinalProject.cpp(66,10):
          'std::basic_ostream<char,std::char_traits<char>> &std::basic_ostream<char,std::char_traits<char>>::operator <<(unsigned short)': cannot convert argument 2 from 'std::vector<int,std::allocator<int>>' to 'unsigned short'
              D:\University\Discrete Math\FindShortestPath_Project\FinalProject\FinalProject.cpp(66,36):
              No user-defined-conversion operator available that can perform this conversion, or the operator cannot be called
      C:\Program Files\Microsoft Visual Studio\2022\Professional\VC\Tools\MSVC\14.41.34120\include\ostream(230,39):
      or       'std::basic_ostream<char,std::char_traits<char>> &std::basic_ostream<char,std::char_traits<char>>::operator <<(short)'
          D:\University\Discrete Math\FindShortestPath_Project\FinalProject\FinalProject.cpp(66,10):
          'std::basic_ostream<char,std::char_traits<char>> &std::basic_ostream<char,std::char_traits<char>>::operator <<(short)': cannot convert argument 2 from 'std::vector<int,std::allocator<int>>' to 'short'
              D:\University\Discrete Math\FindShortestPath_Project\FinalProject\FinalProject.cpp(66,36):
              No user-defined-conversion operator available that can perform this conversion, or the operator cannot be called
      C:\Program Files\Microsoft Visual Studio\2022\Professional\VC\Tools\MSVC\14.41.34120\include\ostream(212,39):
      or       'std::basic_ostream<char,std::char_traits<char>> &std::basic_ostream<char,std::char_traits<char>>::operator <<(bool)'
          D:\University\Discrete Math\FindShortestPath_Project\FinalProject\FinalProject.cpp(66,10):
          'std::basic_ostream<char,std::char_traits<char>> &std::basic_ostream<char,std::char_traits<char>>::operator <<(bool)': cannot convert argument 2 from 'std::vector<int,std::allocator<int>>' to 'bool'
              D:\University\Discrete Math\FindShortestPath_Project\FinalProject\FinalProject.cpp(66,36):
              No user-defined-conversion operator available that can perform this conversion, or the operator cannot be called
      C:\Program Files\Microsoft Visual Studio\2022\Professional\VC\Tools\MSVC\14.41.34120\include\ostream(206,39):
      or       'std::basic_ostream<char,std::char_traits<char>> &std::basic_ostream<char,std::char_traits<char>>::operator <<(std::ios_base &(__cdecl *)(std::ios_base &))'
          D:\University\Discrete Math\FindShortestPath_Project\FinalProject\FinalProject.cpp(66,10):
          'std::basic_ostream<char,std::char_traits<char>> &std::basic_ostream<char,std::char_traits<char>>::operator <<(std::ios_base &(__cdecl *)(std::ios_base &))': cannot convert argument 2 from 'std::vector<int,std::allocator<int>>' to 'std::ios_base &(__cdecl *)(std::ios_base &)'
              D:\University\Discrete Math\FindShortestPath_Project\FinalProject\FinalProject.cpp(66,36):
              No user-defined-conversion operator available that can perform this conversion, or the operator cannot be called
      C:\Program Files\Microsoft Visual Studio\2022\Professional\VC\Tools\MSVC\14.41.34120\include\ostream(200,39):
      or       'std::basic_ostream<char,std::char_traits<char>> &std::basic_ostream<char,std::char_traits<char>>::operator <<(std::basic_ios<char,std::char_traits<char>> &(__cdecl *)(std::basic_ios<char,std::char_traits<char>> &))'
          D:\University\Discrete Math\FindShortestPath_Project\FinalProject\FinalProject.cpp(66,10):
          'std::basic_ostream<char,std::char_traits<char>> &std::basic_ostream<char,std::char_traits<char>>::operator <<(std::basic_ios<char,std::char_traits<char>> &(__cdecl *)(std::basic_ios<char,std::char_traits<char>> &))': cannot convert argument 2 from 'std::vector<int,std::allocator<int>>' to 'std::basic_ios<char,std::char_traits<char>> &(__cdecl *)(std::basic_ios<char,std::char_traits<char>> &)'
              D:\University\Discrete Math\FindShortestPath_Project\FinalProject\FinalProject.cpp(66,36):
              No user-defined-conversion operator available that can perform this conversion, or the operator cannot be called
      C:\Program Files\Microsoft Visual Studio\2022\Professional\VC\Tools\MSVC\14.41.34120\include\ostream(195,39):
      or       'std::basic_ostream<char,std::char_traits<char>> &std::basic_ostream<char,std::char_traits<char>>::operator <<(std::basic_ostream<char,std::char_traits<char>> &(__cdecl *)(std::basic_ostream<char,std::char_traits<char>> &))'
          D:\University\Discrete Math\FindShortestPath_Project\FinalProject\FinalProject.cpp(66,10):
          'std::basic_ostream<char,std::char_traits<char>> &std::basic_ostream<char,std::char_traits<char>>::operator <<(std::basic_ostream<char,std::char_traits<char>> &(__cdecl *)(std::basic_ostream<char,std::char_traits<char>> &))': cannot convert argument 2 from 'std::vector<int,std::allocator<int>>' to 'std::basic_ostream<char,std::char_traits<char>> &(__cdecl *)(std::basic_ostream<char,std::char_traits<char>> &)'
              D:\University\Discrete Math\FindShortestPath_Project\FinalProject\FinalProject.cpp(66,36):
              No user-defined-conversion operator available that can perform this conversion, or the operator cannot be called
      C:\Program Files\Microsoft Visual Studio\2022\Professional\VC\Tools\MSVC\14.41.34120\include\ostream(1088,32):
      or       'std::basic_ostream<_Elem,_Traits> &std::operator <<(std::basic_ostream<_Elem,_Traits> &,const std::error_code &)'
          D:\University\Discrete Math\FindShortestPath_Project\FinalProject\FinalProject.cpp(66,36):
          'initializing': cannot convert from 'std::vector<int,std::allocator<int>>' to 'const std::error_code &'
              D:\University\Discrete Math\FindShortestPath_Project\FinalProject\FinalProject.cpp(66,36):
              Reason: cannot convert from 'std::vector<int,std::allocator<int>>' to 'const std::error_code'
              D:\University\Discrete Math\FindShortestPath_Project\FinalProject\FinalProject.cpp(66,36):
              No user-defined-conversion operator available that can perform this conversion, or the operator cannot be called
      C:\Program Files\Microsoft Visual Studio\2022\Professional\VC\Tools\MSVC\14.41.34120\include\ostream(1011,9):
      or       '_Ostr &&std::operator <<(_Ostr &&,const _Ty &)'
          D:\University\Discrete Math\FindShortestPath_Project\FinalProject\FinalProject.cpp(66,10):
          '_Ostr &&std::operator <<(_Ostr &&,const _Ty &)': could not deduce template argument for '__formal'
              C:\Program Files\Microsoft Visual Studio\2022\Professional\VC\Tools\MSVC\14.41.34120\include\ostream(1010,103):
              '<template-parameter>': you cannot create a pointer to a reference
      C:\Program Files\Microsoft Visual Studio\2022\Professional\VC\Tools\MSVC\14.41.34120\include\ostream(953,31):
      or       'std::basic_ostream<char,_Traits> &std::operator <<(std::basic_ostream<char,_Traits> &,unsigned char)'
          D:\University\Discrete Math\FindShortestPath_Project\FinalProject\FinalProject.cpp(66,36):
          'initializing': cannot convert from 'std::vector<int,std::allocator<int>>' to 'unsigned char'
              D:\University\Discrete Math\FindShortestPath_Project\FinalProject\FinalProject.cpp(66,36):
              No user-defined-conversion operator available that can perform this conversion, or the operator cannot be called
      C:\Program Files\Microsoft Visual Studio\2022\Professional\VC\Tools\MSVC\14.41.34120\include\ostream(947,31):
      or       'std::basic_ostream<char,_Traits> &std::operator <<(std::basic_ostream<char,_Traits> &,const unsigned char *)'
          D:\University\Discrete Math\FindShortestPath_Project\FinalProject\FinalProject.cpp(66,36):
          'initializing': cannot convert from 'std::vector<int,std::allocator<int>>' to 'const unsigned char *'
              D:\University\Discrete Math\FindShortestPath_Project\FinalProject\FinalProject.cpp(66,36):
              No user-defined-conversion operator available that can perform this conversion, or the operator cannot be called
      C:\Program Files\Microsoft Visual Studio\2022\Professional\VC\Tools\MSVC\14.41.34120\include\ostream(942,31):
      or       'std::basic_ostream<char,_Traits> &std::operator <<(std::basic_ostream<char,_Traits> &,signed char)'
          D:\University\Discrete Math\FindShortestPath_Project\FinalProject\FinalProject.cpp(66,36):
          'initializing': cannot convert from 'std::vector<int,std::allocator<int>>' to 'signed char'
              D:\University\Discrete Math\FindShortestPath_Project\FinalProject\FinalProject.cpp(66,36):
              No user-defined-conversion operator available that can perform this conversion, or the operator cannot be called
      C:\Program Files\Microsoft Visual Studio\2022\Professional\VC\Tools\MSVC\14.41.34120\include\ostream(936,31):
      or       'std::basic_ostream<char,_Traits> &std::operator <<(std::basic_ostream<char,_Traits> &,const signed char *)'
          D:\University\Discrete Math\FindShortestPath_Project\FinalProject\FinalProject.cpp(66,36):
          'initializing': cannot convert from 'std::vector<int,std::allocator<int>>' to 'const signed char *'
              D:\University\Discrete Math\FindShortestPath_Project\FinalProject\FinalProject.cpp(66,36):
              No user-defined-conversion operator available that can perform this conversion, or the operator cannot be called
      C:\Program Files\Microsoft Visual Studio\2022\Professional\VC\Tools\MSVC\14.41.34120\include\ostream(900,32):
      or       'std::basic_ostream<_Elem,_Traits> &std::operator <<(std::basic_ostream<_Elem,_Traits> &,_Elem)'
          D:\University\Discrete Math\FindShortestPath_Project\FinalProject\FinalProject.cpp(66,10):
          'std::basic_ostream<_Elem,_Traits> &std::operator <<(std::basic_ostream<_Elem,_Traits> &,_Elem)': template parameter '_Elem' is ambiguous
              D:\University\Discrete Math\FindShortestPath_Project\FinalProject\FinalProject.cpp(66,10):
              could be 'std::vector<int,std::allocator<int>>'
              D:\University\Discrete Math\FindShortestPath_Project\FinalProject\FinalProject.cpp(66,10):
              or       'char'
          D:\University\Discrete Math\FindShortestPath_Project\FinalProject\FinalProject.cpp(66,10):
          'std::basic_ostream<_Elem,_Traits> &std::operator <<(std::basic_ostream<_Elem,_Traits> &,_Elem)': could not deduce template argument for '_Elem' from 'std::vector<int,std::allocator<int>>'
      C:\Program Files\Microsoft Visual Studio\2022\Professional\VC\Tools\MSVC\14.41.34120\include\ostream(857,32):
      or       'std::basic_ostream<_Elem,_Traits> &std::operator <<(std::basic_ostream<_Elem,_Traits> &,const _Elem *)'
          D:\University\Discrete Math\FindShortestPath_Project\FinalProject\FinalProject.cpp(66,10):
          'std::basic_ostream<_Elem,_Traits> &std::operator <<(std::basic_ostream<_Elem,_Traits> &,const _Elem *)': could not deduce template argument for 'const _Elem *' from 'std::vector<int,std::allocator<int>>'
      C:\Program Files\Microsoft Visual Studio\2022\Professional\VC\Tools\MSVC\14.41.34120\include\ostream(819,31):
      or       'std::basic_ostream<char,_Traits> &std::operator <<(std::basic_ostream<char,_Traits> &,char)'
          D:\University\Discrete Math\FindShortestPath_Project\FinalProject\FinalProject.cpp(66,36):
          'initializing': cannot convert from 'std::vector<int,std::allocator<int>>' to 'char'
              D:\University\Discrete Math\FindShortestPath_Project\FinalProject\FinalProject.cpp(66,36):
              No user-defined-conversion operator available that can perform this conversion, or the operator cannot be called
      C:\Program Files\Microsoft Visual Studio\2022\Professional\VC\Tools\MSVC\14.41.34120\include\ostream(774,31):
      or       'std::basic_ostream<char,_Traits> &std::operator <<(std::basic_ostream<char,_Traits> &,const char *)'
          D:\University\Discrete Math\FindShortestPath_Project\FinalProject\FinalProject.cpp(66,36):
          'initializing': cannot convert from 'std::vector<int,std::allocator<int>>' to 'const char *'
              D:\University\Discrete Math\FindShortestPath_Project\FinalProject\FinalProject.cpp(66,36):
              No user-defined-conversion operator available that can perform this conversion, or the operator cannot be called
      C:\Program Files\Microsoft Visual Studio\2022\Professional\VC\Tools\MSVC\14.41.34120\include\ostream(738,32):
      or       'std::basic_ostream<_Elem,_Traits> &std::operator <<(std::basic_ostream<_Elem,_Traits> &,char)'
          D:\University\Discrete Math\FindShortestPath_Project\FinalProject\FinalProject.cpp(66,36):
          'initializing': cannot convert from 'std::vector<int,std::allocator<int>>' to 'char'
              D:\University\Discrete Math\FindShortestPath_Project\FinalProject\FinalProject.cpp(66,36):
              No user-defined-conversion operator available that can perform this conversion, or the operator cannot be called
      C:\Program Files\Microsoft Visual Studio\2022\Professional\VC\Tools\MSVC\14.41.34120\include\ostream(694,32):
      or       'std::basic_ostream<_Elem,_Traits> &std::operator <<(std::basic_ostream<_Elem,_Traits> &,const char *)'
          D:\University\Discrete Math\FindShortestPath_Project\FinalProject\FinalProject.cpp(66,36):
          'initializing': cannot convert from 'std::vector<int,std::allocator<int>>' to 'const char *'
              D:\University\Discrete Math\FindShortestPath_Project\FinalProject\FinalProject.cpp(66,36):
              No user-defined-conversion operator available that can perform this conversion, or the operator cannot be called
      C:\Program Files\Microsoft Visual Studio\2022\Professional\VC\Tools\MSVC\14.41.34120\include\memory(3761,32):
      or       'std::basic_ostream<_Elem,_Traits> &std::operator <<(std::basic_ostream<_Elem,_Traits> &,const std::unique_ptr<_Ty2,_Dx2> &)'
          D:\University\Discrete Math\FindShortestPath_Project\FinalProject\FinalProject.cpp(66,10):
          'std::basic_ostream<_Elem,_Traits> &std::operator <<(std::basic_ostream<_Elem,_Traits> &,const std::unique_ptr<_Ty2,_Dx2> &)': could not deduce template argument for 'const std::unique_ptr<_Ty2,_Dx2> &' from 'std::vector<int,std::allocator<int>>'
      C:\Program Files\Microsoft Visual Studio\2022\Professional\VC\Tools\MSVC\14.41.34120\include\memory(1979,32):
      or       'std::basic_ostream<_Elem,_Traits> &std::operator <<(std::basic_ostream<_Elem,_Traits> &,const std::shared_ptr<_Ty> &)'
          D:\University\Discrete Math\FindShortestPath_Project\FinalProject\FinalProject.cpp(66,10):
          'std::basic_ostream<_Elem,_Traits> &std::operator <<(std::basic_ostream<_Elem,_Traits> &,const std::shared_ptr<_Ty> &)': could not deduce template argument for 'const std::shared_ptr<_Ty> &' from 'std::vector<int,std::allocator<int>>'
      C:\Program Files\Microsoft Visual Studio\2022\Professional\VC\Tools\MSVC\14.41.34120\include\xstring(3420,32):
      or       'std::basic_ostream<_Elem,_Traits> &std::operator <<(std::basic_ostream<_Elem,_Traits> &,const std::basic_string<_Elem,_Traits,_Alloc> &)'
          D:\University\Discrete Math\FindShortestPath_Project\FinalProject\FinalProject.cpp(66,10):
          'std::basic_ostream<_Elem,_Traits> &std::operator <<(std::basic_ostream<_Elem,_Traits> &,const std::basic_string<_Elem,_Traits,_Alloc> &)': could not deduce template argument for 'const std::basic_string<_Elem,_Traits,_Alloc> &' from 'std::vector<int,std::allocator<int>>'
      D:\University\Discrete Math\FindShortestPath_Project\FinalProject\FinalProject.cpp(66,10):
      while trying to match the argument list '(std::basic_ostream<char,std::char_traits<char>>, std::vector<int,std::allocator<int>>)'
  
D:\University\Discrete Math\FindShortestPath_Project\FinalProject\FinalProject.cpp(67,38): error C2660: 'computeTotalCost': function does not take 0 arguments
      D:\University\Discrete Math\FindShortestPath_Project\FinalProject\FinalProject.cpp(52,8):
      see declaration of 'computeTotalCost'
      D:\University\Discrete Math\FindShortestPath_Project\FinalProject\FinalProject.cpp(67,38):
      while trying to match the argument list '()'
  
D:\University\Discrete Math\FindShortestPath_Project\FinalProject\FinalProject.cpp(67,35): error C2088: built-in operator '<<' cannot be applied to an operand of type 'std::basic_ostream<char,std::char_traits<char>>'
